********************************************************************************
DUPLICATOR-LITE PACKAGE-LOG: July 26, 2024 2:51 pm
NOTICE: Do NOT post to public sites or forums 
********************************************************************************
VERSION:	1.5.10.1
WORDPRESS:	6.6.1
PHP INFO:	8.1.29 | SAPI: fpm-fcgi
SERVER:		nginx/1.16.0 
PHP TIME LIMIT: (0) no time limit imposed 
PHP MAX MEMORY: 4294967296 (256M default) 
MEMORY STACK: 8MB

********************************************************************************
DATABASE:
********************************************************************************
BUILD MODE:   MYSQLDUMP
MYSQLTIMEOUT: 5000
MYSQLDUMP:    Is Supported
MYSQL DUMP ERROR 2

==================================================================================
DUPLICATOR ERROR
Please try again! If the error persists see the Duplicator 'Help' menu.
---------------------------------------------------------------------------------
MESSAGE:
	Shell mysql dump error. Change SQL Mode to the "PHP Code" in the Duplicator > Settings > Packages.
DETAILS:
	mysqldump: Got error: 2002: Can't connect to local MySQL server through socket '/tmp/mysql.sock' (2) when trying to connect
/* Duplicator WordPress Timestamp: 2024-07-26 14:52:00*/
/* DUPLICATOR_MYSQLDUMP_EOF */
TRACE:
	 1. class.pack.database.php : error (606)
	 2. class.pack.database.php : mysqlDump (230)
	 3. class.pack.php : build (1373)
	 4. ctrl.package.php : runZipBuild (89)
	 5. class-wp-hook.php : duplicator_package_build (324)
	 6. class-wp-hook.php : apply_filters (348)
	 7. plugin.php : do_action (517)
	 8. admin-ajax.php : do_action (192)
==================================================================================


==================================================================================
DUPLICATOR ERROR
Please try again! If the error persists see the Duplicator 'Help' menu.
---------------------------------------------------------------------------------
MESSAGE:
	Runtime error in DUP_Database::Build. Shell mysql dump error. Change SQL Mode to the "PHP Code" in the Duplicator > Settings > Packages.
DETAILS:
	Exception: Exception: Shell mysql dump error. Change SQL Mode to the "PHP Code" in the Duplicator > Settings > Packages. in /Users/charlymuziotti/Local Sites/brasserie-de-rocles/app/public/wp-content/plugins/duplicator/classes/class.logging.php:301
Stack trace:
#0 /Users/charlymuziotti/Local Sites/brasserie-de-rocles/app/public/wp-content/plugins/duplicator/classes/package/class.pack.database.php(606): DUP_Log::error('Shell mysql dum...', 'mysqldump: Got ...', 1)
#1 /Users/charlymuziotti/Local Sites/brasserie-de-rocles/app/public/wp-content/plugins/duplicator/classes/package/class.pack.database.php(230): DUP_Database->mysqlDump('/usr/local/bin/...')
#2 /Users/charlymuziotti/Local Sites/brasserie-de-rocles/app/public/wp-content/plugins/duplicator/classes/package/class.pack.php(1373): DUP_Database->build(Object(DUP_Package), 1)
#3 /Users/charlymuziotti/Local Sites/brasserie-de-rocles/app/public/wp-content/plugins/duplicator/ctrls/ctrl.package.php(89): DUP_Package->runZipBuild()
#4 /Users/charlymuziotti/Local Sites/brasserie-de-rocles/app/public/wp-includes/class-wp-hook.php(324): duplicator_package_build('')
#5 /Users/charlymuziotti/Local Sites/brasserie-de-rocles/app/public/wp-includes/class-wp-hook.php(348): WP_Hook->apply_filters('', Array)
#6 /Users/charlymuziotti/Local Sites/brasserie-de-rocles/app/public/wp-includes/plugin.php(517): WP_Hook->do_action(Array)
#7 /Users/charlymuziotti/Local Sites/brasserie-de-rocles/app/public/wp-admin/admin-ajax.php(192): do_action('wp_ajax_duplica...')
#8 {main}
TRACE:
	 1. class.pack.database.php : error (259)
	 2. class.pack.php : build (1373)
	 3. ctrl.package.php : runZipBuild (89)
	 4. class-wp-hook.php : duplicator_package_build (324)
	 5. class-wp-hook.php : apply_filters (348)
	 6. plugin.php : do_action (517)
	 7. admin-ajax.php : do_action (192)
==================================================================================

